make all --print-data-base --no-builtin-variables --no-builtin-rules --question
# GNU Make 4.3
# Built for x86_64-pc-linux-gnu
# Copyright (C) 1988-2020 Free Software Foundation, Inc.
# License GPLv3+: GNU GPL version 3 or later <http://gnu.org/licenses/gpl.html>
# This is free software: you are free to change and redistribute it.
# There is NO WARRANTY, to the extent permitted by law.

# Make data base, printed on Thu Oct  6 11:03:06 2022

# Variables

# environment
GDK_BACKEND = x11
# environment
LC_ALL = C
# makefile (from 'makefile', line 1)
SRC_DIR = ./src
# environment
VSCODE_CWD = /home/estudiante
# default
MAKE_COMMAND := make
# environment
QT_ACCESSIBILITY = 1
# automatic
@D = $(patsubst %/,%,$(dir $@))
# makefile (from 'makefile', line 3)
OBJ_DIR = $(OUT_DIR)/obj
# environment
VSCODE_HANDLES_UNCAUGHT_ERRORS = true
# default
.VARIABLES := 
# environment
PWD = /home/estudiante/EITI/eiti-tpn2
# automatic
%D = $(patsubst %/,%,$(dir $%))
# environment
XDG_DATA_DIRS = /home/estudiante/.local/share:/usr/local/share:/usr/share
# automatic
^D = $(patsubst %/,%,$(dir $^))
# automatic
%F = $(notdir $%)
# environment
VSCODE_CODE_CACHE_PATH = /home/estudiante/.config/Code/CachedData/3b889b090b5ad5793f524b5d1d39fda662b96a2a
# environment
XDG_SESSION_PATH = /org/freedesktop/DisplayManager/Session1
# environment
LANG = C
# environment
XAUTHORITY = /home/estudiante/.Xauthority
# default
.LOADED := 
# default
.INCLUDE_DIRS = /usr/local/include /usr/include /usr/include
# makefile
MAKEFLAGS = pqrR
# makefile
CURDIR := /home/estudiante/EITI/eiti-tpn2
# environment
APPLICATION_INSIGHTS_NO_DIAGNOSTIC_CHANNEL = 1
# automatic
*D = $(patsubst %/,%,$(dir $*))
# environment
MFLAGS = -pqrR
# environment
SSH_AUTH_SOCK = /tmp/ssh-iGHBlynnD0uw/agent.1416
# default
.SHELLFLAGS := -c
# environment
XDG_CONFIG_DIRS = /etc:/etc/xdg:/usr/share
# automatic
+D = $(patsubst %/,%,$(dir $+))
# environment
XDG_SESSION_DESKTOP = 
# makefile (from 'makefile', line 1)
MAKEFILE_LIST := makefile
# automatic
@F = $(notdir $@)
# environment
VSCODE_PID = 168306
# environment
XDG_SESSION_TYPE = x11
# automatic
?D = $(patsubst %/,%,$(dir $?))
# environment
XDG_DATA_HOME = /home/estudiante/.local/share
# automatic
*F = $(notdir $*)
# environment
QT_QPA_PLATFORMTHEME = lxqt
# environment
CHROME_DESKTOP = code-url-handler.desktop
# environment
DBUS_SESSION_BUS_ADDRESS = unix:path=/run/user/1000/bus
# automatic
<D = $(patsubst %/,%,$(dir $<))
# environment
VSCODE_NLS_CONFIG = {"locale":"es-419","availableLanguages":{"*":"es"},"_languagePackId":"aa57718bb4fee18a0bf2e4902cb2afaf.es","_translationsConfigFile":"/home/estudiante/.config/Code/clp/aa57718bb4fee18a0bf2e4902cb2afaf.es/tcf.json","_cacheRoot":"/home/estudiante/.config/Code/clp/aa57718bb4fee18a0bf2e4902cb2afaf.es","_resolvedLanguagePackCoreLocation":"/home/estudiante/.config/Code/clp/aa57718bb4fee18a0bf2e4902cb2afaf.es/3b889b090b5ad5793f524b5d1d39fda662b96a2a","_corruptedFile":"/home/estudiante/.config/Code/clp/aa57718bb4fee18a0bf2e4902cb2afaf.es/corrupted.info","_languagePackSupport":true}
# default
MAKE_HOST := x86_64-pc-linux-gnu
# environment
LXQT_SESSION_CONFIG = session
# makefile
SHELL = /bin/sh
# default
MAKECMDGOALS := all
# environment
SHLVL = 0
# environment
MAKELEVEL := 0
# default
MAKE = $(MAKE_COMMAND)
# environment
PATH = /usr/local/bin:/usr/bin:/bin:/usr/local/games:/usr/games
# default
MAKEFILES := 
# environment
LANGUAGE = es_AR:es
# automatic
^F = $(notdir $^)
# makefile (from 'makefile', line 7)
OBJ_FILES = $(patsubst $(SRC_DIR)/%.c, $(OBJ_DIR)/%.o, $(SRC_FILES))
# makefile (from 'makefile', line 2)
OUT_DIR = ./build
# environment
XDG_CONFIG_HOME = /home/estudiante/.config
# automatic
?F = $(notdir $?)
# environment
GTK_CSD = 0
# environment
XDG_SEAT = seat0
# environment
XDG_CURRENT_DESKTOP = LXQt
# environment
LS_COLORS = 
# automatic
+F = $(notdir $+)
# environment
XDG_SEAT_PATH = /org/freedesktop/DisplayManager/Seat0
# environment
DESKTOP_SESSION = lxqt
# environment
ORIGINAL_XDG_CURRENT_DESKTOP = LXQt
# 'override' directive
GNUMAKEFLAGS := 
# environment
BROWSER = firefox
# environment
LOGNAME = estudiante
# environment
XDG_VTNR = 7
# makefile
.DEFAULT_GOAL := clean
# environment
DISPLAY = :0
# environment
USER = estudiante
# environment
GTK_MODULES = gail:atk-bridge
# default
MAKE_VERSION := 4.3
# makefile (from 'makefile', line 6)
SRC_FILES = $(wildcard $(SRC_DIR)/*.c) 
# environment
SSH_AGENT_PID = 1490
# environment
_ = /usr/share/code/code
# environment
XDG_RUNTIME_DIR = /run/user/1000
# environment
GPG_AGENT_INFO = /run/user/1000/gnupg/S.gpg-agent:0:1
# environment
GTK_OVERLAY_SCROLLING = 0
# environment
QT_PLATFORM_PLUGIN = lxqt
# environment
XDG_SESSION_CLASS = user
# environment
VSCODE_AMD_ENTRYPOINT = vs/workbench/api/node/extensionHostProcess
# environment
HOME = /home/estudiante
# makefile (from 'makefile', line 4)
BIN_DIR = $(OUT_DIR)/bin
# environment
ELECTRON_RUN_AS_NODE = 1
# environment
VSCODE_IPC_HOOK = /run/user/1000/vscode-798e55f5-1.69.2-main.sock
# environment
TERM = qterminal
# environment
XDG_SESSION_ID = 3
# default
.RECIPEPREFIX := 
# automatic
<F = $(notdir $<)
# default
SUFFIXES := 
# environment
XDG_CACHE_HOME = /home/estudiante/.cache
# default
.FEATURES := target-specific order-only second-expansion else-if shortest-stem undefine oneshell nocomment grouped-target extra-prereqs archives jobserver output-sync check-symlink load
# environment
XDG_MENU_PREFIX = lxqt-
# variable set hash-table stats:
# Load=96/1024=9%, Rehash=0, Collisions=3/141=2%

# Pattern-specific Variable Values

# No pattern-specific variable values.

# Directories

# src (device 2049, inode 1440034): 8 files, no impossibilities.
# . (device 2049, inode 929068): 8 files, no impossibilities.
# ./src (device 2049, inode 1440034): 8 files, no impossibilities.

# 24 files, no impossibilities in 3 directories.

# Implicit Rules

build/obj/%.o: src/%.c
#  recipe to execute (from 'makefile', line 20):
	@echo Compilando $< ...
	@mkdir -p $(OBJ_DIR)
	@gcc -o $@ -c $< 

# 1 implicit rules, 0 (0.0%) terminal.
# Files

clean: (OUT_DIR)
#  Implicit rule search has not been done.
#  Modification time never checked.
#  File has not been updated.
#  recipe to execute (from 'makefile', line 11):
	@echo Borrando carpeta build
	

# Not a target:
build/obj/main.o:
#  Implicit rule search has not been done.
#  Modification time never checked.
#  File has not been updated.

# Not a target:
build/obj/foo.o:
#  Implicit rule search has not been done.
#  Modification time never checked.
#  File has not been updated.

# Not a target:
.DEFAULT:
#  Implicit rule search has not been done.
#  Modification time never checked.
#  File has not been updated.

all: build/obj/bar.o build/obj/foo.o build/obj/main.o
#  Command line target.
#  Implicit rule search has not been done.
#  File does not exist.
#  File has been updated.
#  Needs to be updated (-q is set).
# variable set hash-table stats:
# Load=0/32=0%, Rehash=0, Collisions=0/5=0%
#  recipe to execute (from 'makefile', line 15):
	@echo Enlazando el binario final
	@mkdir -p $(BIN_DIR)
	@gcc $(OBJ_FILES) -o $(BIN_DIR)/app.out

# Not a target:
(OUT_DIR):
#  Implicit rule search has not been done.
#  Modification time never checked.
#  File has not been updated.

build/obj/bar.o: src/bar.c
#  Implicit rule search has been done.
#  Implicit/static pattern stem: 'bar'
#  File does not exist.
#  File has been updated.
#  Needs to be updated (-q is set).
 
# automatic
# @ := build/obj/bar.o
# automatic
# * := bar
# automatic
# < := src/bar.c
# automatic
# + := src/bar.c
# automatic
# % := 
# automatic
# ^ := src/bar.c
# automatic
# ? := src/bar.c
# automatic
# | := 
# variable set hash-table stats:
# Load=8/32=25%, Rehash=0, Collisions=1/16=6%
#  recipe to execute (from 'makefile', line 20):
	@echo Compilando $< ...
	@mkdir -p $(OBJ_DIR)
	@gcc -o $@ -c $< 

# Not a target:
makefile:
#  Implicit rule search has been done.
#  Last modified 2022-09-02 19:37:05.458485398
#  File has been updated.
#  Successfully updated.

# Not a target:
src/bar.c:
#  Implicit rule search has been done.
#  Last modified 2020-04-17 20:24:03
#  File has been updated.
#  Successfully updated.

# files hash-table stats:
# Load=10/1024=1%, Rehash=0, Collisions=0/28=0%
# VPATH Search Paths

# No 'vpath' search paths.

# No general ('VPATH' variable) search path.

# strcache buffers: 1 (0) / strings = 29 / storage = 252 B / avg = 8 B
# current buf: size = 8162 B / used = 252 B / count = 29 / avg = 8 B

# strcache performance: lookups = 40 / hit rate = 27%
# hash-table stats:
# Load=29/8192=0%, Rehash=0, Collisions=0/40=0%
# Finished Make data base on Thu Oct  6 11:03:06 2022

 
